  main.cpp
D:\Downloads\GraphicsProjects\Sea port\Sea Port\sphere.h(178,26): warning C4244: 'initializing': conversion from 'double' to 'float', possible loss of data
D:\Downloads\GraphicsProjects\Sea port\Sea Port\sphere.h(179,25): warning C4244: 'initializing': conversion from 'double' to 'float', possible loss of data
D:\Downloads\GraphicsProjects\Sea port\Sea Port\sphere.h(181,26): warning C4244: 'initializing': conversion from 'double' to 'float', possible loss of data
D:\Downloads\GraphicsProjects\Sea port\Sea Port\cylinder.h(149,24): warning C4101: 'normalX': unreferenced local variable
D:\Downloads\GraphicsProjects\Sea port\Sea Port\cylinder.h(149,33): warning C4101: 'normalY': unreferenced local variable
D:\Downloads\GraphicsProjects\Sea port\Sea Port\cylinder.h(149,18): warning C4101: 'y': unreferenced local variable
D:\Downloads\GraphicsProjects\Sea port\Sea Port\cylinder.h(149,42): warning C4101: 'normalZ': unreferenced local variable
D:\Downloads\GraphicsProjects\Sea port\Sea Port\main.cpp(184,13): warning C4305: 'initializing': truncation from 'double' to 'float'
D:\Downloads\GraphicsProjects\Sea port\Sea Port\main.cpp(325,24): warning C4305: 'argument': truncation from 'double' to 'float'
D:\Downloads\GraphicsProjects\Sea port\Sea Port\main.cpp(511,28): warning C4305: '+=': truncation from 'double' to 'float'
D:\Downloads\GraphicsProjects\Sea port\Sea Port\main.cpp(515,28): warning C4305: '-=': truncation from 'double' to 'float'
D:\Downloads\GraphicsProjects\Sea port\Sea Port\main.cpp(530,24): warning C4305: '=': truncation from 'double' to 'float'
D:\Downloads\GraphicsProjects\Sea port\Sea Port\main.cpp(534,18): warning C4244: 'initializing': conversion from 'float' to 'int', possible loss of data
D:\Downloads\GraphicsProjects\Sea port\Sea Port\main.cpp(572,68): warning C4305: 'argument': truncation from 'double' to 'float'
D:\Downloads\GraphicsProjects\Sea port\Sea Port\main.cpp(572,63): warning C4305: 'argument': truncation from 'double' to 'float'
D:\Downloads\GraphicsProjects\Sea port\Sea Port\main.cpp(572,58): warning C4305: 'argument': truncation from 'double' to 'float'
D:\Downloads\GraphicsProjects\Sea port\Sea Port\main.cpp(581,68): warning C4305: 'argument': truncation from 'double' to 'float'
D:\Downloads\GraphicsProjects\Sea port\Sea Port\main.cpp(581,63): warning C4305: 'argument': truncation from 'double' to 'float'
D:\Downloads\GraphicsProjects\Sea port\Sea Port\main.cpp(581,58): warning C4305: 'argument': truncation from 'double' to 'float'
D:\Downloads\GraphicsProjects\Sea port\Sea Port\main.cpp(589,68): warning C4305: 'argument': truncation from 'double' to 'float'
D:\Downloads\GraphicsProjects\Sea port\Sea Port\main.cpp(589,63): warning C4305: 'argument': truncation from 'double' to 'float'
D:\Downloads\GraphicsProjects\Sea port\Sea Port\main.cpp(589,58): warning C4305: 'argument': truncation from 'double' to 'float'
D:\Downloads\GraphicsProjects\Sea port\Sea Port\main.cpp(597,68): warning C4305: 'argument': truncation from 'double' to 'float'
D:\Downloads\GraphicsProjects\Sea port\Sea Port\main.cpp(597,63): warning C4305: 'argument': truncation from 'double' to 'float'
D:\Downloads\GraphicsProjects\Sea port\Sea Port\main.cpp(597,58): warning C4305: 'argument': truncation from 'double' to 'float'
D:\Downloads\GraphicsProjects\Sea port\Sea Port\main.cpp(606,68): warning C4305: 'argument': truncation from 'double' to 'float'
D:\Downloads\GraphicsProjects\Sea port\Sea Port\main.cpp(606,63): warning C4305: 'argument': truncation from 'double' to 'float'
D:\Downloads\GraphicsProjects\Sea port\Sea Port\main.cpp(606,58): warning C4305: 'argument': truncation from 'double' to 'float'
D:\Downloads\GraphicsProjects\Sea port\Sea Port\main.cpp(614,68): warning C4305: 'argument': truncation from 'double' to 'float'
D:\Downloads\GraphicsProjects\Sea port\Sea Port\main.cpp(614,63): warning C4305: 'argument': truncation from 'double' to 'float'
D:\Downloads\GraphicsProjects\Sea port\Sea Port\main.cpp(614,58): warning C4305: 'argument': truncation from 'double' to 'float'
D:\Downloads\GraphicsProjects\Sea port\Sea Port\main.cpp(667,25): warning C4305: '=': truncation from 'double' to 'float'
D:\Downloads\GraphicsProjects\Sea port\Sea Port\main.cpp(688,61): warning C4305: 'argument': truncation from 'double' to 'float'
D:\Downloads\GraphicsProjects\Sea port\Sea Port\main.cpp(688,56): warning C4305: 'argument': truncation from 'double' to 'float'
D:\Downloads\GraphicsProjects\Sea port\Sea Port\main.cpp(688,51): warning C4305: 'argument': truncation from 'double' to 'float'
D:\Downloads\GraphicsProjects\Sea port\Sea Port\main.cpp(704,27): warning C4305: '-=': truncation from 'double' to 'float'
D:\Downloads\GraphicsProjects\Sea port\Sea Port\main.cpp(705,27): warning C4305: '-=': truncation from 'double' to 'float'
D:\Downloads\GraphicsProjects\Sea port\Sea Port\main.cpp(747,61): warning C4305: 'argument': truncation from 'double' to 'float'
D:\Downloads\GraphicsProjects\Sea port\Sea Port\main.cpp(747,56): warning C4305: 'argument': truncation from 'double' to 'float'
D:\Downloads\GraphicsProjects\Sea port\Sea Port\main.cpp(747,51): warning C4305: 'argument': truncation from 'double' to 'float'
D:\Downloads\GraphicsProjects\Sea port\Sea Port\main.cpp(753,61): warning C4305: 'argument': truncation from 'double' to 'float'
D:\Downloads\GraphicsProjects\Sea port\Sea Port\main.cpp(753,56): warning C4305: 'argument': truncation from 'double' to 'float'
D:\Downloads\GraphicsProjects\Sea port\Sea Port\main.cpp(753,51): warning C4305: 'argument': truncation from 'double' to 'float'
D:\Downloads\GraphicsProjects\Sea port\Sea Port\main.cpp(759,61): warning C4305: 'argument': truncation from 'double' to 'float'
D:\Downloads\GraphicsProjects\Sea port\Sea Port\main.cpp(759,56): warning C4305: 'argument': truncation from 'double' to 'float'
D:\Downloads\GraphicsProjects\Sea port\Sea Port\main.cpp(759,51): warning C4305: 'argument': truncation from 'double' to 'float'
D:\Downloads\GraphicsProjects\Sea port\Sea Port\main.cpp(764,61): warning C4305: 'argument': truncation from 'double' to 'float'
D:\Downloads\GraphicsProjects\Sea port\Sea Port\main.cpp(764,56): warning C4305: 'argument': truncation from 'double' to 'float'
D:\Downloads\GraphicsProjects\Sea port\Sea Port\main.cpp(764,51): warning C4305: 'argument': truncation from 'double' to 'float'
D:\Downloads\GraphicsProjects\Sea port\Sea Port\main.cpp(770,66): warning C4305: 'argument': truncation from 'double' to 'float'
D:\Downloads\GraphicsProjects\Sea port\Sea Port\main.cpp(770,61): warning C4305: 'argument': truncation from 'double' to 'float'
D:\Downloads\GraphicsProjects\Sea port\Sea Port\main.cpp(770,56): warning C4305: 'argument': truncation from 'double' to 'float'
D:\Downloads\GraphicsProjects\Sea port\Sea Port\main.cpp(775,61): warning C4305: 'argument': truncation from 'double' to 'float'
D:\Downloads\GraphicsProjects\Sea port\Sea Port\main.cpp(775,56): warning C4305: 'argument': truncation from 'double' to 'float'
D:\Downloads\GraphicsProjects\Sea port\Sea Port\main.cpp(775,51): warning C4305: 'argument': truncation from 'double' to 'float'
D:\Downloads\GraphicsProjects\Sea port\Sea Port\main.cpp(779,61): warning C4305: 'argument': truncation from 'double' to 'float'
D:\Downloads\GraphicsProjects\Sea port\Sea Port\main.cpp(779,56): warning C4305: 'argument': truncation from 'double' to 'float'
D:\Downloads\GraphicsProjects\Sea port\Sea Port\main.cpp(779,51): warning C4305: 'argument': truncation from 'double' to 'float'
D:\Downloads\GraphicsProjects\Sea port\Sea Port\main.cpp(1068,66): warning C4305: 'argument': truncation from 'double' to 'float'
D:\Downloads\GraphicsProjects\Sea port\Sea Port\main.cpp(1068,61): warning C4305: 'argument': truncation from 'double' to 'float'
D:\Downloads\GraphicsProjects\Sea port\Sea Port\main.cpp(1068,56): warning C4305: 'argument': truncation from 'double' to 'float'
D:\Downloads\GraphicsProjects\Sea port\Sea Port\main.cpp(1105,65): warning C4305: 'argument': truncation from 'double' to 'float'
D:\Downloads\GraphicsProjects\Sea port\Sea Port\main.cpp(1105,60): warning C4305: 'argument': truncation from 'double' to 'float'
D:\Downloads\GraphicsProjects\Sea port\Sea Port\main.cpp(1105,55): warning C4305: 'argument': truncation from 'double' to 'float'
D:\Downloads\GraphicsProjects\Sea port\Sea Port\main.cpp(1168,53): warning C4305: 'argument': truncation from 'double' to 'float'
D:\Downloads\GraphicsProjects\Sea port\Sea Port\main.cpp(1168,49): warning C4305: 'argument': truncation from 'double' to 'float'
D:\Downloads\GraphicsProjects\Sea port\Sea Port\main.cpp(1174,56): warning C4305: 'argument': truncation from 'double' to 'float'
D:\Downloads\GraphicsProjects\Sea port\Sea Port\main.cpp(1174,51): warning C4305: 'argument': truncation from 'double' to 'float'
D:\Downloads\GraphicsProjects\Sea port\Sea Port\main.cpp(1174,46): warning C4305: 'argument': truncation from 'double' to 'float'
D:\Downloads\GraphicsProjects\Sea port\Sea Port\main.cpp(1161,32): warning C4101: 'rotateXMatrix': unreferenced local variable
D:\Downloads\GraphicsProjects\Sea port\Sea Port\main.cpp(1161,62): warning C4101: 'rotateZMatrix': unreferenced local variable
D:\Downloads\GraphicsProjects\Sea port\Sea Port\main.cpp(1187,56): warning C4305: 'argument': truncation from 'double' to 'float'
D:\Downloads\GraphicsProjects\Sea port\Sea Port\main.cpp(1187,51): warning C4305: 'argument': truncation from 'double' to 'float'
D:\Downloads\GraphicsProjects\Sea port\Sea Port\main.cpp(1187,46): warning C4305: 'argument': truncation from 'double' to 'float'
D:\Downloads\GraphicsProjects\Sea port\Sea Port\main.cpp(1192,56): warning C4305: 'argument': truncation from 'double' to 'float'
D:\Downloads\GraphicsProjects\Sea port\Sea Port\main.cpp(1192,51): warning C4305: 'argument': truncation from 'double' to 'float'
D:\Downloads\GraphicsProjects\Sea port\Sea Port\main.cpp(1192,46): warning C4305: 'argument': truncation from 'double' to 'float'
D:\Downloads\GraphicsProjects\Sea port\Sea Port\main.cpp(1197,56): warning C4305: 'argument': truncation from 'double' to 'float'
D:\Downloads\GraphicsProjects\Sea port\Sea Port\main.cpp(1197,51): warning C4305: 'argument': truncation from 'double' to 'float'
D:\Downloads\GraphicsProjects\Sea port\Sea Port\main.cpp(1197,46): warning C4305: 'argument': truncation from 'double' to 'float'
D:\Downloads\GraphicsProjects\Sea port\Sea Port\main.cpp(1202,56): warning C4305: 'argument': truncation from 'double' to 'float'
D:\Downloads\GraphicsProjects\Sea port\Sea Port\main.cpp(1202,51): warning C4305: 'argument': truncation from 'double' to 'float'
D:\Downloads\GraphicsProjects\Sea port\Sea Port\main.cpp(1202,46): warning C4305: 'argument': truncation from 'double' to 'float'
D:\Downloads\GraphicsProjects\Sea port\Sea Port\main.cpp(1208,56): warning C4305: 'argument': truncation from 'double' to 'float'
D:\Downloads\GraphicsProjects\Sea port\Sea Port\main.cpp(1208,51): warning C4305: 'argument': truncation from 'double' to 'float'
D:\Downloads\GraphicsProjects\Sea port\Sea Port\main.cpp(1208,46): warning C4305: 'argument': truncation from 'double' to 'float'
D:\Downloads\GraphicsProjects\Sea port\Sea Port\main.cpp(1213,56): warning C4305: 'argument': truncation from 'double' to 'float'
D:\Downloads\GraphicsProjects\Sea port\Sea Port\main.cpp(1213,51): warning C4305: 'argument': truncation from 'double' to 'float'
D:\Downloads\GraphicsProjects\Sea port\Sea Port\main.cpp(1213,46): warning C4305: 'argument': truncation from 'double' to 'float'
D:\Downloads\GraphicsProjects\Sea port\Sea Port\main.cpp(1218,56): warning C4305: 'argument': truncation from 'double' to 'float'
D:\Downloads\GraphicsProjects\Sea port\Sea Port\main.cpp(1218,51): warning C4305: 'argument': truncation from 'double' to 'float'
D:\Downloads\GraphicsProjects\Sea port\Sea Port\main.cpp(1218,46): warning C4305: 'argument': truncation from 'double' to 'float'
D:\Downloads\GraphicsProjects\Sea port\Sea Port\main.cpp(1223,56): warning C4305: 'argument': truncation from 'double' to 'float'
D:\Downloads\GraphicsProjects\Sea port\Sea Port\main.cpp(1223,51): warning C4305: 'argument': truncation from 'double' to 'float'
D:\Downloads\GraphicsProjects\Sea port\Sea Port\main.cpp(1223,46): warning C4305: 'argument': truncation from 'double' to 'float'
D:\Downloads\GraphicsProjects\Sea port\Sea Port\main.cpp(1228,56): warning C4305: 'argument': truncation from 'double' to 'float'
D:\Downloads\GraphicsProjects\Sea port\Sea Port\main.cpp(1228,51): warning C4305: 'argument': truncation from 'double' to 'float'
D:\Downloads\GraphicsProjects\Sea port\Sea Port\main.cpp(1228,46): warning C4305: 'argument': truncation from 'double' to 'float'
D:\Downloads\GraphicsProjects\Sea port\Sea Port\main.cpp(1233,56): warning C4305: 'argument': truncation from 'double' to 'float'
D:\Downloads\GraphicsProjects\Sea port\Sea Port\main.cpp(1233,51): warning C4305: 'argument': truncation from 'double' to 'float'
D:\Downloads\GraphicsProjects\Sea port\Sea Port\main.cpp(1233,46): warning C4305: 'argument': truncation from 'double' to 'float'
D:\Downloads\GraphicsProjects\Sea port\Sea Port\main.cpp(1240,56): warning C4305: 'argument': truncation from 'double' to 'float'
D:\Downloads\GraphicsProjects\Sea port\Sea Port\main.cpp(1240,51): warning C4305: 'argument': truncation from 'double' to 'float'
D:\Downloads\GraphicsProjects\Sea port\Sea Port\main.cpp(1240,46): warning C4305: 'argument': truncation from 'double' to 'float'
D:\Downloads\GraphicsProjects\Sea port\Sea Port\main.cpp(1244,56): warning C4305: 'argument': truncation from 'double' to 'float'
D:\Downloads\GraphicsProjects\Sea port\Sea Port\main.cpp(1244,51): warning C4305: 'argument': truncation from 'double' to 'float'
D:\Downloads\GraphicsProjects\Sea port\Sea Port\main.cpp(1244,46): warning C4305: 'argument': truncation from 'double' to 'float'
D:\Downloads\GraphicsProjects\Sea port\Sea Port\main.cpp(1249,56): warning C4305: 'argument': truncation from 'double' to 'float'
D:\Downloads\GraphicsProjects\Sea port\Sea Port\main.cpp(1249,51): warning C4305: 'argument': truncation from 'double' to 'float'
D:\Downloads\GraphicsProjects\Sea port\Sea Port\main.cpp(1249,46): warning C4305: 'argument': truncation from 'double' to 'float'
D:\Downloads\GraphicsProjects\Sea port\Sea Port\main.cpp(1254,56): warning C4305: 'argument': truncation from 'double' to 'float'
D:\Downloads\GraphicsProjects\Sea port\Sea Port\main.cpp(1254,51): warning C4305: 'argument': truncation from 'double' to 'float'
D:\Downloads\GraphicsProjects\Sea port\Sea Port\main.cpp(1254,46): warning C4305: 'argument': truncation from 'double' to 'float'
D:\Downloads\GraphicsProjects\Sea port\Sea Port\main.cpp(1261,56): warning C4305: 'argument': truncation from 'double' to 'float'
D:\Downloads\GraphicsProjects\Sea port\Sea Port\main.cpp(1261,51): warning C4305: 'argument': truncation from 'double' to 'float'
D:\Downloads\GraphicsProjects\Sea port\Sea Port\main.cpp(1261,46): warning C4305: 'argument': truncation from 'double' to 'float'
D:\Downloads\GraphicsProjects\Sea port\Sea Port\main.cpp(1266,56): warning C4305: 'argument': truncation from 'double' to 'float'
D:\Downloads\GraphicsProjects\Sea port\Sea Port\main.cpp(1266,51): warning C4305: 'argument': truncation from 'double' to 'float'
D:\Downloads\GraphicsProjects\Sea port\Sea Port\main.cpp(1266,46): warning C4305: 'argument': truncation from 'double' to 'float'
D:\Downloads\GraphicsProjects\Sea port\Sea Port\main.cpp(1271,56): warning C4305: 'argument': truncation from 'double' to 'float'
D:\Downloads\GraphicsProjects\Sea port\Sea Port\main.cpp(1271,51): warning C4305: 'argument': truncation from 'double' to 'float'
D:\Downloads\GraphicsProjects\Sea port\Sea Port\main.cpp(1271,46): warning C4305: 'argument': truncation from 'double' to 'float'
D:\Downloads\GraphicsProjects\Sea port\Sea Port\main.cpp(1276,56): warning C4305: 'argument': truncation from 'double' to 'float'
D:\Downloads\GraphicsProjects\Sea port\Sea Port\main.cpp(1276,51): warning C4305: 'argument': truncation from 'double' to 'float'
D:\Downloads\GraphicsProjects\Sea port\Sea Port\main.cpp(1276,46): warning C4305: 'argument': truncation from 'double' to 'float'
D:\Downloads\GraphicsProjects\Sea port\Sea Port\main.cpp(1282,56): warning C4305: 'argument': truncation from 'double' to 'float'
D:\Downloads\GraphicsProjects\Sea port\Sea Port\main.cpp(1282,51): warning C4305: 'argument': truncation from 'double' to 'float'
D:\Downloads\GraphicsProjects\Sea port\Sea Port\main.cpp(1282,46): warning C4305: 'argument': truncation from 'double' to 'float'
D:\Downloads\GraphicsProjects\Sea port\Sea Port\main.cpp(1181,32): warning C4101: 'rotateXMatrix': unreferenced local variable
D:\Downloads\GraphicsProjects\Sea port\Sea Port\main.cpp(1181,62): warning C4101: 'rotateZMatrix': unreferenced local variable
D:\Downloads\GraphicsProjects\Sea port\Sea Port\main.cpp(1319,47): warning C4305: '-=': truncation from 'double' to 'float'
D:\Downloads\GraphicsProjects\Sea port\Sea Port\main.cpp(1320,52): warning C4305: '-=': truncation from 'double' to 'float'
D:\Downloads\GraphicsProjects\Sea port\Sea Port\main.cpp(1321,34): warning C4305: '-=': truncation from 'double' to 'float'
D:\Downloads\GraphicsProjects\Sea port\Sea Port\main.cpp(1323,73): warning C4305: '+=': truncation from 'double' to 'float'
D:\Downloads\GraphicsProjects\Sea port\Sea Port\main.cpp(1324,73): warning C4305: '-=': truncation from 'double' to 'float'
D:\Downloads\GraphicsProjects\Sea port\Sea Port\main.cpp(1325,73): warning C4305: '+=': truncation from 'double' to 'float'
D:\Downloads\GraphicsProjects\Sea port\Sea Port\main.cpp(1326,73): warning C4305: '-=': truncation from 'double' to 'float'
D:\Downloads\GraphicsProjects\Sea port\Sea Port\main.cpp(1327,73): warning C4305: '+=': truncation from 'double' to 'float'
D:\Downloads\GraphicsProjects\Sea port\Sea Port\main.cpp(1328,73): warning C4305: '-=': truncation from 'double' to 'float'
  stb_image.cpp
  Generating Code...
glfw3.lib(init.obj) : warning LNK4099: PDB '' was not found with 'glfw3.lib(init.obj)' or at ''; linking object as if no debug info
glfw3.lib(window.obj) : warning LNK4099: PDB '' was not found with 'glfw3.lib(window.obj)' or at ''; linking object as if no debug info
glfw3.lib(input.obj) : warning LNK4099: PDB '' was not found with 'glfw3.lib(input.obj)' or at ''; linking object as if no debug info
glfw3.lib(context.obj) : warning LNK4099: PDB '' was not found with 'glfw3.lib(context.obj)' or at ''; linking object as if no debug info
glfw3.lib(win32_init.obj) : warning LNK4099: PDB '' was not found with 'glfw3.lib(win32_init.obj)' or at ''; linking object as if no debug info
glfw3.lib(win32_monitor.obj) : warning LNK4099: PDB '' was not found with 'glfw3.lib(win32_monitor.obj)' or at ''; linking object as if no debug info
glfw3.lib(win32_time.obj) : warning LNK4099: PDB '' was not found with 'glfw3.lib(win32_time.obj)' or at ''; linking object as if no debug info
glfw3.lib(win32_thread.obj) : warning LNK4099: PDB '' was not found with 'glfw3.lib(win32_thread.obj)' or at ''; linking object as if no debug info
glfw3.lib(monitor.obj) : warning LNK4099: PDB '' was not found with 'glfw3.lib(monitor.obj)' or at ''; linking object as if no debug info
glfw3.lib(vulkan.obj) : warning LNK4099: PDB '' was not found with 'glfw3.lib(vulkan.obj)' or at ''; linking object as if no debug info
glfw3.lib(win32_window.obj) : warning LNK4099: PDB '' was not found with 'glfw3.lib(win32_window.obj)' or at ''; linking object as if no debug info
glfw3.lib(win32_joystick.obj) : warning LNK4099: PDB '' was not found with 'glfw3.lib(win32_joystick.obj)' or at ''; linking object as if no debug info
glfw3.lib(wgl_context.obj) : warning LNK4099: PDB '' was not found with 'glfw3.lib(wgl_context.obj)' or at ''; linking object as if no debug info
glfw3.lib(egl_context.obj) : warning LNK4099: PDB '' was not found with 'glfw3.lib(egl_context.obj)' or at ''; linking object as if no debug info
glfw3.lib(osmesa_context.obj) : warning LNK4099: PDB '' was not found with 'glfw3.lib(osmesa_context.obj)' or at ''; linking object as if no debug info
  Project2.vcxproj -> D:\Downloads\GraphicsProjects\Sea port\Sea Port\x64\Debug\Project2.exe
